0000000000000000 T __code_start
0000000000000000 0000000000000401 b __fixedpath
0000000000000000 A __start__
0000000000000000 T _start
0000000000000000 b _TLS_MODULE_BASE_
0000000000000080 t startup
00000000000000a4 t bssclr_start
00000000000000cc t bss_loop
0000000000000120 T __nx_exit
0000000000000130 T __nx_mod0
0000000000000158 T _init
00000000000001c0 0000000000000038 T exit
0000000000000200 0000000000000208 T main
0000000000000408 t deregister_tm_clones
0000000000000408 0000000000002000 b tmp_buffer.7247
0000000000000438 t register_tm_clones
0000000000000470 t __do_global_dtors_aux
00000000000004b8 t frame_dummy
00000000000004f0 0000000000000220 t ipcPrepareHeader
0000000000000710 000000000000022c t ipcParse
0000000000000940 00000000000000b0 t serviceIpcParse
00000000000009f0 0000000000000078 t ipcConvertSessionToDomain
0000000000000a70 0000000000000084 t ipcCloneSession.constprop.52
0000000000000b00 0000000000000034 t ipcCloseObjectById
0000000000000b40 000000000000006c t serviceClose
0000000000000bb0 000000000000019c t _appletReceiveMessage
0000000000000d50 0000000000000164 t _appletCmdNoIO
0000000000000ec0 000000000000018c t _appletGetOperationMode.constprop.43
0000000000001050 000000000000018c t _appletGetCurrentFocusState.constprop.45
00000000000011e0 000000000000018c t _appletGetPerformanceMode.constprop.44
0000000000001370 00000000000001d8 t _appletGetSession
0000000000001550 000000000000017c t _appletCmdNoInOut64
00000000000016d0 0000000000000164 t _appletSetOperationModeChangedNotification.constprop.46
0000000000001840 000000000000016c t _appletSetOutOfFocusSuspendingEnabled
00000000000019b0 0000000000000164 t _appletSetPerformanceModeChangedNotification.constprop.47
0000000000001b20 000000000000016c t _appletCmdInU32.constprop.48
0000000000001c90 000000000000017c t _appletSetFocusHandlingMode
0000000000001e10 0000000000000178 t _appletGetHandle.constprop.42
0000000000001f90 0000000000000054 t _appletGetEvent.constprop.41
0000000000001ff0 00000000000001f0 t _appletGetSessionProxy.constprop.40
00000000000021e0 0000000000000010 T appletGetAppletType
00000000000021f0 00000000000000f0 T appletSetFocusHandlingMode
00000000000022e0 0000000000000028 T appletGetAppletResourceUserId
0000000000002310 0000000000000174 T appletNotifyRunning
0000000000002408 0000000000002000 b tmp_buffer.7271
0000000000002490 0000000000000158 T appletSetGamePlayRecordingState
00000000000025f0 0000000000000050 T appletSetCpuBoostMode
0000000000002640 00000000000005dc T appletExit
0000000000002c20 00000000000004f0 T appletInitialize
0000000000003110 0000000000000010 t _appletExitProcess
0000000000003120 0000000000000014 T appletCreateManagedDisplayLayer
0000000000003140 000000000000005c T appletGetMessage
00000000000031a0 0000000000000118 T appletProcessMessage
00000000000032c0 0000000000000034 T appletMainLoop
0000000000003300 0000000000000034 t ipcCloseObjectById
0000000000003340 0000000000000124 t _hidGetSharedMemoryHandle.constprop.10
0000000000003470 0000000000000100 t _hidCmdWithNoInput
0000000000003570 0000000000000134 t _hidCreateAppletResource.constprop.9
00000000000036b0 000000000000010c t _hidCmdWithInputU32
00000000000037c0 0000000000000108 t _hidCmdWithInputU64.constprop.11
00000000000038d0 00000000000001e0 T hidReset
0000000000003ab0 000000000000000c T hidGetSharedmemAddr
0000000000003ac0 000000000000006c T hidKeysHeld
0000000000003b30 000000000000006c T hidKeysDown
0000000000003ba0 000000000000006c T hidKeysUp
0000000000003c10 000000000000000c T hidTouchCount
0000000000003c20 0000000000000578 T hidScanInput
00000000000041a0 00000000000000ac T hidJoystickRead
0000000000004250 0000000000000198 T hidSetSupportedNpadIdType
00000000000043f0 000000000000000c T hidSetSupportedNpadStyleSet
0000000000004400 0000000000000008 T hidSetNpadJoyHoldType
0000000000004410 000000000000000c T hidSetNpadJoyAssignmentModeDual
0000000000004420 000000000000012c T hidExit
0000000000004550 0000000000000168 T hidInitialize
00000000000046c0 0000000000000034 t ipcCloseObjectById
0000000000004700 0000000000000124 t _apmGetSession.constprop.4
0000000000004830 00000000000000f0 T apmExit
0000000000004920 0000000000000070 T apmInitialize
0000000000004990 00000000000000cc T apmSetPerformanceConfiguration
0000000000004a60 0000000000000140 t _fatalImpl
0000000000004ba0 0000000000000014 T fatalWithType
0000000000004bc0 0000000000000014 T fatalSimple
0000000000004be0 0000000000000044 T smAddOverrideHandle
0000000000004c30 0000000000000060 T smGetServiceOverride
0000000000004c90 0000000000000014 T smHasInitialized
0000000000004cb0 000000000000005c T smExit
0000000000004d10 0000000000000038 T smEncodeName
0000000000004d50 000000000000012c T smGetServiceOriginal
0000000000004e80 00000000000001a0 T smInitialize
0000000000005020 0000000000000074 T smGetService
00000000000050a0 0000000000000010 T hosversionGet
00000000000050b0 0000000000000010 T hosversionSet
00000000000050c0 0000000000000208 T envSetup
00000000000052d0 0000000000000020 T envGetMainThreadHandle
00000000000052f0 000000000000000c T envIsNso
0000000000005300 0000000000000014 T envHasHeapOverride
0000000000005320 000000000000000c T envGetHeapOverrideAddr
0000000000005330 000000000000000c T envGetHeapOverrideSize
0000000000005340 0000000000000014 T envHasArgv
0000000000005360 000000000000000c T envGetArgv
0000000000005370 000000000000000c T envGetExitFuncPtr
0000000000005380 000000000000000c T envSetExitFuncPtr
0000000000005390 0000000000000044 t consoleDrawChar
00000000000053e0 0000000000000140 t consoleClearLine
0000000000005520 000000000000004c t consoleNewRow
0000000000005570 0000000000000118 t consolePrintChar
0000000000005690 000000000000015c t consoleCls
00000000000057f0 00000000000007e0 t con_write
0000000000005fd0 000000000000011c T consoleInit
00000000000060f0 0000000000000048 T consoleExit
0000000000006140 0000000000000028 T consoleUpdate
0000000000006170 000000000000000c T consoleClear
0000000000006180 0000000000000070 t ConsoleSwRenderer_flushAndSwap
00000000000061f0 00000000000000c4 t ConsoleSwRenderer_scrollWindow
00000000000062c0 0000000000000188 t ConsoleSwRenderer_drawChar
0000000000006450 000000000000003c t ConsoleSwRenderer_deinit
0000000000006490 00000000000000f4 t ConsoleSwRenderer_init
0000000000006590 000000000000000c W getDefaultConsoleRenderer
000000000000659c T svcSetHeapSize
00000000000065b0 T svcSetMemoryAttribute
00000000000065b8 T svcUnmapMemory
00000000000065c0 T svcQueryMemory
00000000000065d4 T svcExitProcess
00000000000065dc T svcSleepThread
00000000000065e4 T svcMapSharedMemory
00000000000065ec T svcUnmapSharedMemory
00000000000065f4 T svcCreateTransferMemory
0000000000006608 T svcCloseHandle
0000000000006610 T svcResetSignal
0000000000006618 T svcWaitSynchronization
000000000000662c T svcArbitrateLock
0000000000006634 T svcArbitrateUnlock
000000000000663c T svcWaitProcessWideKeyAtomic
0000000000006644 T svcSignalProcessWideKey
000000000000664c T svcConnectToNamedPort
0000000000006660 T svcSendSyncRequest
0000000000006668 T svcBreak
0000000000006670 T svcReturnFromException
0000000000006678 T svcGetInfo
000000000000668c T svcUnmapTransferMemory
00000000000066a0 000000000000017c T detectKernelVersion
0000000000006820 0000000000000030 T detectDebugger
0000000000006850 0000000000000014 T shmemLoadRemote
0000000000006870 0000000000000084 T shmemMap
0000000000006900 0000000000000058 T shmemUnmap
0000000000006960 0000000000000044 T shmemClose
00000000000069b0 0000000000000104 t _waitLoop
0000000000006ac0 0000000000000338 t _waitObjectsImpl
0000000000006e00 000000000000000c T waitObjects
0000000000006e10 0000000000000058 T rwlockReadLock
0000000000006e70 000000000000005c T rwlockReadUnlock
0000000000006ed0 0000000000000084 T rwlockWriteLock
0000000000006f60 000000000000003c T rwlockWriteUnlock
0000000000006fa0 00000000000000a8 T tmemCreate
0000000000007050 0000000000000058 T tmemUnmap
00000000000070b0 0000000000000068 T tmemClose
0000000000007120 000000000000008c T mutexLock
00000000000071b0 0000000000000030 T mutexUnlock
00000000000071e0 000000000000004c T rmutexLock
0000000000007230 000000000000001c T rmutexUnlock
0000000000007250 000000000000007c t _GetRegionFromInfo.isra.1
00000000000072d0 0000000000000114 T virtmemSetup
00000000000073f0 000000000000013c T virtmemReserve
0000000000007530 0000000000000004 T virtmemFree
0000000000007540 000000000000000c T eventLoadRemote
0000000000007550 0000000000000038 T eventWait
0000000000007590 0000000000000050 T eventClose
00000000000075e0 0000000000000060 T condvarWaitTimeout
0000000000007640 0000000000000080 T framebufferMakeLinear
00000000000076c0 0000000000000078 T framebufferClose
0000000000007740 0000000000000298 T framebufferCreate
00000000000079e0 0000000000000080 T framebufferBegin
0000000000007a60 000000000000017c T framebufferEnd
0000000000007be0 000000000000000c T nwindowGetDefault
0000000000007bf0 00000000000000c8 T __nx_win_init
0000000000007cc0 0000000000000034 T __nx_win_exit
0000000000007d00 0000000000000054 t _nwindowConnect
0000000000007d60 0000000000000040 t _nwindowDisconnect
0000000000007da0 0000000000000024 T nwindowIsValid
0000000000007dd0 000000000000006c T nwindowClose
0000000000007e40 00000000000000c4 T nwindowCreate
0000000000007f10 000000000000000c T nwindowCreateFromLayer
0000000000007f20 0000000000000088 T nwindowSetDimensions
0000000000007fb0 0000000000000154 T nwindowConfigureBuffer
0000000000008110 00000000000001e4 T nwindowDequeueBuffer
0000000000008300 0000000000000144 T nwindowQueueBuffer
0000000000008450 00000000000000ac T nwindowReleaseBuffers
0000000000008500 00000000000000a0 T __nx_dynamic
00000000000085a0 00000000000000d8 W __libnx_initheap
0000000000008680 00000000000000dc W __appInit
0000000000008760 0000000000000044 W __appExit
00000000000087b0 0000000000000028 W __libnx_init
00000000000087e0 0000000000000020 W __libnx_exit
0000000000008800 000000000000001c T __syscall_exit
0000000000008820 0000000000000034 T __syscall_getreent
0000000000008860 0000000000000004 T __syscall_lock_acquire
0000000000008870 0000000000000004 T __syscall_lock_release
0000000000008880 0000000000000004 T __syscall_lock_acquire_recursive
0000000000008890 0000000000000004 T __syscall_lock_release_recursive
00000000000088a0 000000000000027c T __libnx_init_time
0000000000008b20 0000000000000080 T newlibSetup
0000000000008ba0 0000000000000324 T argvSetup
0000000000008ed0 0000000000000010 t fsdev_link
0000000000008ee0 0000000000000010 t fsdev_dirreset
0000000000008ef0 0000000000000010 t fsdev_chmod
0000000000008f00 000000000000001c t error_cmp
0000000000008f20 0000000000000058 t fsdev_translate_error
0000000000008f80 0000000000000040 t fsdev_fsync
0000000000008fc0 0000000000000060 t fsdev_ftruncate
0000000000009020 0000000000000020 t fsdev_dirclose
0000000000009040 000000000000016c t fsdev_dirnext
00000000000091b0 000000000000001c t fsdev_close
00000000000091d0 00000000000000a4 t fsdev_fstat
0000000000009280 00000000000000b0 t fsdev_seek
0000000000009330 0000000000000198 t fsdev_read
00000000000094d0 00000000000001a0 t fsdev_write
0000000000009670 0000000000000120 t fsdevFindDevice
0000000000009790 0000000000000140 t _fsdevMountDevice
00000000000098d0 00000000000001fc t fsdev_getfspath
0000000000009ad0 0000000000000070 t fsdev_rmdir
0000000000009b40 00000000000000d4 t fsdev_statvfs
0000000000009c20 00000000000000ec t fsdev_diropen
0000000000009d10 0000000000000070 t fsdev_mkdir
0000000000009d80 0000000000000114 t fsdev_rename
0000000000009ea0 00000000000000e8 t fsdev_chdir
0000000000009f90 0000000000000070 t fsdev_unlink
000000000000a000 00000000000001bc t fsdev_stat
000000000000a1c0 000000000000019c t fsdev_open
000000000000a360 00000000000000b8 t _fsdevUnmountDeviceStruct.part.4
000000000000a420 0000000000000010 t fsdev_fchmod
000000000000a430 0000000000000170 T fsdevMountSdmc
000000000000a5a0 0000000000000064 T fsdevUnmountAll
000000000000a610 000000000000012c T decode_utf8
000000000000a73c T armDCacheFlush
000000000000a760 t armDCacheFlush_L0
000000000000a778 W __libnx_exception_entry
000000000000a804 t __libnx_exception_entry_start
000000000000a92c t __libnx_exception_entry_abort
000000000000a930 t __libnx_exception_entry_end
000000000000a938 T __libnx_exception_returnentry
000000000000a950 T __aarch64_read_tp
000000000000a960 0000000000000034 t ipcCloseObjectById
000000000000a9a0 00000000000000d8 t _nvSetClientPID
000000000000aa80 00000000000000c8 t ipcQueryPointerBufferSize.constprop.10
000000000000ab50 00000000000000f0 t _nvInitialize.constprop.8
000000000000ac40 000000000000010c t ipcCloneSession.constprop.9
000000000000ad50 0000000000000100 T nvExit
000000000000ae50 0000000000000184 T nvInitialize
000000000000afe0 000000000000012c T nvConvertError
000000000000b110 000000000000012c T nvOpen
000000000000b240 0000000000000270 T nvIoctl
000000000000b4b0 00000000000000dc T nvClose
000000000000b590 000000000000015c T nvQueryEvent
000000000000b6f0 0000000000000034 t ipcCloseObjectById
000000000000b730 000000000000012c t _timeGetSession
000000000000b860 00000000000001ec T timeExit
000000000000ba50 00000000000000d8 T timeInitialize
000000000000bb30 0000000000000124 T timeGetCurrentTime
000000000000bc60 0000000000000118 T timeToCalendarTimeWithMyRule
000000000000bd80 0000000000000034 t ipcCloseObjectById
000000000000bdc0 0000000000000134 t _viGetSession.constprop.7
000000000000bf00 00000000000001e4 T viExit
000000000000c0f0 00000000000002f8 T viInitialize
000000000000c3f0 000000000000000c T viGetSession_IHOSBinderDriverRelay
000000000000c400 0000000000000140 T viOpenDisplay
000000000000c540 0000000000000104 T viCloseDisplay
000000000000c650 0000000000000104 T viCloseLayer
000000000000c760 0000000000000370 T viCreateLayer
000000000000cad0 00000000000000e8 T viSetLayerScalingMode
000000000000cbc0 0000000000000034 t ipcCloseObjectById
000000000000cc00 00000000000001d4 t _setsysGetFirmwareVersionImpl
000000000000cde0 000000000000003c T setsysInitialize
000000000000ce20 000000000000009c T setsysExit
000000000000cec0 0000000000000044 T setsysGetFirmwareVersion
000000000000cf10 0000000000000220 t ipcPrepareHeader
000000000000d130 000000000000022c t ipcParse
000000000000d360 00000000000000b0 t serviceIpcParse
000000000000d410 0000000000000034 t ipcCloseObjectById
000000000000d450 0000000000000200 T fsInitialize
000000000000d650 000000000000009c T fsExit
000000000000d6f0 00000000000001cc T fsMountSdcard
000000000000d8c0 00000000000001a4 T fsFsCreateFile
000000000000da70 000000000000019c T fsFsDeleteFile
000000000000dc10 000000000000019c T fsFsCreateDirectory
000000000000ddb0 000000000000019c T fsFsDeleteDirectory
000000000000df50 0000000000000214 T fsFsRenameFile
000000000000e170 0000000000000214 T fsFsRenameDirectory
000000000000e390 00000000000001b0 T fsFsGetEntryType
000000000000e540 00000000000001e4 T fsFsOpenFile
000000000000e730 00000000000001f8 T fsFsOpenDirectory
000000000000e930 00000000000001b0 T fsFsGetFreeSpace
000000000000eae0 00000000000001b0 T fsFsGetTotalSpace
000000000000ec90 0000000000000194 T fsFsGetFileTimeStampRaw
000000000000ee30 000000000000006c T fsFsClose
000000000000eea0 00000000000001f0 T fsFileRead
000000000000f090 00000000000001b8 T fsFileWrite
000000000000f250 000000000000016c T fsFileFlush
000000000000f3c0 0000000000000174 T fsFileSetSize
000000000000f540 0000000000000194 T fsFileGetSize
000000000000f6e0 000000000000006c T fsFileClose
000000000000f750 000000000000006c T fsDirClose
000000000000f7c0 00000000000001ec T fsDirRead
000000000000f9b0 0000000000000060 t _nvFenceEventWaitCommon
000000000000fa10 000000000000005c T nvFenceInit
000000000000fa70 0000000000000098 T nvFenceExit
000000000000fb10 00000000000001e4 T nvFenceWait
000000000000fd00 000000000000007c T nvMultiFenceWait
000000000000fd80 000000000000006c T nvMapInit
000000000000fdf0 0000000000000068 T nvMapExit
000000000000fe60 0000000000000084 T nvMapClose
000000000000fef0 0000000000000150 T nvMapCreate
0000000000010040 0000000000000024 T nvioctlNvhostCtrl_EventSignal
0000000000010070 000000000000003c T nvioctlNvhostCtrl_EventWait
00000000000100b0 0000000000000028 T nvioctlNvhostCtrl_EventWaitAsync
00000000000100e0 0000000000000024 T nvioctlNvhostCtrl_EventRegister
0000000000010110 0000000000000024 T nvioctlNvhostCtrl_EventUnregister
0000000000010140 000000000000003c T nvioctlNvmap_Create
0000000000010180 0000000000000030 T nvioctlNvmap_Alloc
00000000000101b0 0000000000000030 T nvioctlNvmap_Free
00000000000101e0 000000000000003c T nvioctlNvmap_GetId
0000000000010220 00000000000000e8 T bqRequestBuffer
0000000000010310 0000000000000154 T bqDequeueBuffer
0000000000010470 000000000000009c T bqDetachBuffer
0000000000010510 00000000000000e0 T bqQueueBuffer
00000000000105f0 0000000000000090 T bqCancelBuffer
0000000000010680 00000000000000e4 T bqConnect
0000000000010770 000000000000009c T bqDisconnect
0000000000010810 0000000000000178 T bqSetPreallocatedBuffer
0000000000010990 0000000000000138 t _binderTransactParcel
0000000000010ad0 00000000000000c8 t ipcQueryPointerBufferSize
0000000000010ba0 0000000000000248 t _binderTransactParcelAuto
0000000000010df0 0000000000000014 T binderCreate
0000000000010e10 0000000000000010 T binderTransactParcel
0000000000010e20 0000000000000124 T binderConvertErrorCode
0000000000010f50 00000000000000e8 T binderAdjustRefcount
0000000000011040 0000000000000074 T binderClose
00000000000110c0 00000000000000c8 T binderInitSession
0000000000011190 0000000000000144 T binderGetNativeHandle
00000000000112e0 0000000000000028 T parcelCreate
0000000000011310 000000000000019c T parcelTransact
00000000000114b0 0000000000000088 T parcelWriteData
0000000000011540 0000000000000098 T parcelReadData
00000000000115e0 0000000000000020 T parcelWriteInt32
0000000000011600 0000000000000020 T parcelWriteUInt32
0000000000011620 0000000000000080 T parcelWriteString16
00000000000116a0 0000000000000030 T parcelWriteInterfaceToken
00000000000116d0 0000000000000024 T parcelReadInt32
0000000000011700 0000000000000068 T parcelReadFlattenedObject
0000000000011770 0000000000000044 T parcelWriteFlattenedObject
00000000000117c0 00000000000000c4 T nxlinkSetup
0000000000011888 0000000000000038 T aligned_alloc
00000000000118c0 00000000000000b8 T bsearch
0000000000011978 0000000000000030 T calloc
00000000000119a8 0000000000000094 T _calloc_r
0000000000011a40 0000000000000014 T __errno
0000000000011a58 0000000000000044 T __libc_fini_array
0000000000011aa0 000000000000008c T __libc_init_array
0000000000011b30 0000000000000030 T memalign
0000000000011b60 0000000000000198 T _memalign_r
0000000000011cf8 000000000000001c T malloc
0000000000011d18 000000000000001c T free
0000000000011d38 000000000000087c T _malloc_r
00000000000125b4 00000000000000d8 T memchr
00000000000126c0 000000000000016c T memcpy
0000000000012840 00000000000001dc T memset
0000000000012a20 000000000000000c T __malloc_lock
0000000000012a30 000000000000000c T __malloc_unlock
0000000000012a40 000000000000008c T printf
0000000000012ad0 000000000000003c T setenv
0000000000012b10 0000000000000264 T _setenv_r
0000000000012d78 000000000000025c T setvbuf
0000000000012fd8 00000000000000bc T sscanf
0000000000013098 0000000000000050 T __sread
00000000000130e8 0000000000000008 T __seofread
00000000000130f0 000000000000006c T __swrite
0000000000013160 0000000000000050 T __sseek
00000000000131b0 0000000000000008 T __sclose
00000000000131b8 00000000000000dc T strchr
00000000000132c0 0000000000000140 T strlen
0000000000013400 0000000000000084 T strncat
00000000000134dc 00000000000001b8 T strncmp
0000000000013698 00000000000000a8 T strncpy
0000000000013764 00000000000000e0 T strnlen
0000000000013820 00000000000001ac t _strtoul_l.isra.0
00000000000139d0 0000000000000034 T _strtoul_r
0000000000013a08 0000000000000048 T strtoul
0000000000013a50 000000000000005c t get_arg
0000000000013aac 0000000000002fd8 T __ssvfscanf_r
0000000000016a84 000000000000076c t get_arg
00000000000171f0 0000000000003c28 T _vfprintf_r
000000000001ae18 00000000000000ec t __sbprintf
000000000001af08 00000000000000d0 T _wcrtomb_r
000000000001afd8 0000000000000010 T _wcsrtombs_r
000000000001afe8 0000000000000140 T __swsetup_r
000000000001b128 0000000000000124 T __call_exitprocs
000000000001b250 00000000000001a8 t quorem
000000000001b3f8 00000000000010dc T _dtoa_r
000000000001c4d8 000000000000000c T __env_lock
000000000001c4e8 000000000000000c T __env_unlock
000000000001c4f8 0000000000000214 T __sflush_r
000000000001c710 00000000000000b8 T _fflush_r
000000000001c7c8 0000000000000078 t std
000000000001c840 000000000000000c T _cleanup_r
000000000001c850 000000000000000c T __sfp_lock_acquire
000000000001c860 000000000000000c T __sfp_lock_release
000000000001c870 000000000000000c T __sinit_lock_acquire
000000000001c880 000000000000000c T __sinit_lock_release
000000000001c890 0000000000000080 T __sinit
000000000001c910 0000000000000118 T _malloc_trim_r
000000000001ca28 00000000000002f4 T _free_r
000000000001cd20 00000000000000bc T _fwalk_reent
000000000001cde0 0000000000000100 T _findenv_r
000000000001cee0 0000000000000008 T iswspace
000000000001cee8 0000000000000008 T __localeconv_l
000000000001cef0 0000000000000028 T _localeconv_r
000000000001cf18 000000000000002c T __locale_mb_cur_max
000000000001cf48 00000000000000a4 T __swhatbuf_r
000000000001cff0 000000000000010c T __smakebuf_r
000000000001d100 00000000000000d8 T _mbrtowc_r
000000000001d1d8 00000000000002c8 T __utf8_mbtowc
000000000001d4a0 0000000000000090 T _Balloc
000000000001d530 000000000000001c T _Bfree
000000000001d550 00000000000000e8 T __multadd
000000000001d638 0000000000000120 T __s2b
000000000001d758 000000000000005c T __hi0bits
000000000001d7b8 00000000000000a0 T __lo0bits
000000000001d858 000000000000002c T __i2b
000000000001d888 00000000000001c8 T __multiply
000000000001da50 0000000000000104 T __pow5mult
000000000001db58 0000000000000134 T __lshift
000000000001dc90 0000000000000050 T __mcmp
000000000001dce0 000000000000014c T __mdiff
000000000001de30 0000000000000068 T __ulp
000000000001de98 0000000000000150 T __b2d
000000000001dfe8 0000000000000138 T __d2b
000000000001e120 00000000000000a0 T __ratio
000000000001e1c0 0000000000000068 T __copybits
000000000001e228 0000000000000084 T __any_on
000000000001e2b0 0000000000000030 T realloc
000000000001e2e0 000000000000056c T _realloc_r
000000000001e850 00000000000000bc T __sccl
000000000001e910 000000000000000c T nanf
000000000001e920 000000000000007c T frexp
000000000001e9a0 00000000000000a8 T sprintf
000000000001ea48 00000000000000c8 T stpncpy
000000000001eb40 00000000000000e4 T strcmp
000000000001ec28 0000000000000054 t sulp
000000000001ec80 00000000000010e8 T _strtod_l
000000000001fd68 0000000000000040 T _strtod_r
000000000001fda8 00000000000001a0 t _strtoll_l.isra.0
000000000001ff48 0000000000000034 T _strtoll_r
000000000001ff80 00000000000001a0 t _strtol_l.isra.0
0000000000020120 0000000000000034 T _strtol_r
0000000000020158 00000000000001ac t _strtoull_l.isra.0
0000000000020308 0000000000000034 T _strtoull_r
000000000002033c 00000000000001c0 T __ssprint_r
00000000000204fc 00000000000000f4 T _sungetc_r
00000000000205f0 0000000000000070 T __ssrefill_r
0000000000020660 00000000000000e0 T _sfread_r
0000000000020740 000000000000076c t get_arg
0000000000020eac 0000000000003b38 T _svfprintf_r
00000000000249e8 00000000000000c8 T __submore
0000000000024ab0 000000000000003c T __sprint_r
0000000000024af0 00000000000001dc T _wcsnrtombs_l
0000000000024cd0 0000000000000054 T _wcsnrtombs_r
0000000000024d28 00000000000000e4 T __utf8_wctomb
0000000000024e10 000000000000015c T _fclose_r
0000000000024f70 00000000000004b8 T __sfvwrite_r
0000000000025428 0000000000000114 t rshift
0000000000025540 00000000000007e8 T __gethex
0000000000025d28 0000000000000048 T __match
0000000000025d70 000000000000022c T __hexnan
0000000000025fa0 000000000000004c T iswspace_l
0000000000025ff0 0000000000000244 t __jp2uc
0000000000026238 00000000000000bc T _jp2uc_l
0000000000026300 00000000000000ac T memmove
00000000000263b0 000000000000000c T nan
00000000000263c0 0000000000000088 T category
0000000000026448 0000000000000008 t null_write
0000000000026450 0000000000000018 T setDefaultDevice
0000000000026468 0000000000000108 T FindDevice
0000000000026570 0000000000000034 T RemoveDevice
00000000000265a8 00000000000000d8 T AddDevice
0000000000026680 00000000000000a8 T _close_r
0000000000026728 0000000000000080 T _fstat_r
00000000000267a8 0000000000000008 T _isatty_r
00000000000267b0 0000000000000094 T _lseek_r
0000000000026848 00000000000000a4 T _read_r
00000000000268f0 0000000000000078 T _sbrk_r
0000000000026968 00000000000000a4 T _write_r
0000000000026a10 0000000000000020 T _exit
0000000000026a30 0000000000000234 T _concatenate_path
0000000000026c68 0000000000000178 T chdir
0000000000026de0 0000000000000014 T __libc_lock_acquire
0000000000026df8 0000000000000014 T __libc_lock_release
0000000000026e10 000000000000000c T __libc_lock_init_recursive
0000000000026e20 0000000000000014 T __libc_lock_acquire_recursive
0000000000026e38 0000000000000014 T __libc_lock_release_recursive
0000000000026e50 0000000000000004 T __libc_lock_close_recursive
0000000000026e58 000000000000003c T __free_handle
0000000000026e98 0000000000000058 T __release_handle
0000000000026ef0 0000000000000020 T __get_handle
0000000000026f10 0000000000000020 T __getreent
0000000000026f30 0000000000000150 t __extenddftf2
0000000000027080 0000000000000348 t __trunctfdf2
00000000000273c8 0000000000000070 t __sfp_handle_exceptions
0000000000027438 0000000000000100 T strrchr
0000000000027538 T _fini
0000000000028000 R __rodata_start
00000000000284d0 0000000000000014 r CSWTCH.93
0000000000028628 0000000000000030 r colorTable
0000000000028658 R default_font_bin
000000000002a658 R default_font_bin_end
000000000002a658 R default_font_bin_size
000000000002a660 0000000000000038 r g_nvColorFmtTable
000000000002a6b0 0000000000000020 r error_table
000000000002a750 0000000000000023 r g_bq_InterfaceDescriptor
000000000002a788 0000000000000101 R _ctype_
000000000002a950 0000000000000022 r basefix.6623
000000000002ab00 0000000000000010 r blanks.6605
000000000002ab10 0000000000000010 r zeroes.6606
000000000002abb0 0000000000000028 R __mprec_bigtens
000000000002abd8 00000000000000c8 R __mprec_tens
000000000002aca0 000000000000000c r p05.5339
000000000002ace0 0000000000000014 r fpi.5419
000000000002acf8 0000000000000014 r fpinan.5455
000000000002ad10 0000000000000028 r tinytens
000000000002ad38 000000000000006c R __action_table
000000000002ada8 0000000000000100 R __chclass
000000000002aea8 000000000000006c R __state_table
000000000002b060 0000000000000010 r blanks.6590
000000000002b070 0000000000000010 r zeroes.6591
000000000002b080 0000000000000100 R __hexdig
000000000002b198 00000000000000bc r a1
000000000002b258 00000000000000bc r a2
000000000002b318 000000000000005b r a3
000000000002b378 0000000000000070 r a6
000000000002b3e8 00000000000000a2 r a7
000000000002b490 0000000000000040 r a8
000000000002b4d0 000000000000172a r b02cf
000000000002cc00 0000000000001a7c r d02f4
000000000002e680 000000000000309c r categories
0000000000031728 0000000000000003 R DIRECTORY_PARENT
0000000000031730 r __EH_FRAME_BEGIN__
0000000000031730 R __eh_frame_hdr_end
0000000000031730 R __eh_frame_hdr_start
0000000000036fc4 r __FRAME_END__
0000000000036fc8 a _DYNAMIC
000000000003a000 R __data_start
000000000003a000 t __frame_dummy_init_array_entry
000000000003a000 T __init_array_start
000000000003a000 B __preinit_array_end
000000000003a000 B __preinit_array_start
000000000003a000 D __tdata_lma
000000000003a000 D __tdata_lma_end
000000000003a008 t __do_global_dtors_aux_fini_array_entry
000000000003a008 T __fini_array_start
000000000003a008 T __init_array_end
000000000003a010 T __fini_array_end
000000000003a010 T __got_start__
000000000003a010 a _GLOBAL_OFFSET_TABLE_
000000000003a280 D __got_end__
000000000003a280 0000000000000001 V __nx_applet_auto_notifyrunning
000000000003a284 0000000000000004 V __nx_applet_type
000000000003a288 0000000000000001 d firstConsoleInit.6161
000000000003a290 0000000000000058 d defaultConsole
000000000003a2e8 0000000000000008 d currentConsole
000000000003a2f0 00000000000000e0 d dotab_stdout
000000000003a3d0 0000000000000088 d s_consoleSwRenderer
000000000003a458 0000000000000008 V __nx_exception_stack_size
000000000003a460 0000000000000401 d __cwd
000000000003a864 0000000000000004 d fsdev_fsdevice_cwd
000000000003a868 0000000000000004 d fsdev_fsdevice_default
000000000003a870 00000000000000e0 d fsdev_devoptab
000000000003a950 0000000000000004 V __nx_nv_transfermem_size
000000000003a954 0000000000000004 V __nx_vi_stray_layer_flags
000000000003a958 0000000000000004 d g_viServiceType
000000000003a95c 0000000000000004 d g_ctrl_fd
000000000003a960 0000000000000004 d g_nvmap_fd
000000000003a968 0000000000000008 D _impure_ptr
000000000003a970 0000000000000768 d impure_data
000000000003b0d8 0000000000000008 D _global_impure_ptr
000000000003b0e0 0000000000000008 D __malloc_sbrk_base
000000000003b0e8 0000000000000008 D __malloc_trim_threshold
000000000003b0f0 0000000000000810 D __malloc_av_
000000000003b900 0000000000000008 D environ
000000000003b908 00000000000001a8 D __global_locale
000000000003bab0 0000000000000002 d numempty
000000000003bab8 0000000000000018 D _C_numeric_locale
000000000003bad0 0000000000000004 d defaultDevice
000000000003bad8 0000000000000080 D devoptab_list
000000000003bb58 00000000000000e0 D dotab_stdnull
000000000003bc38 0000000000000400 d _current_working_directory
000000000003c038 0000000000000010 d __stderr_handle
000000000003c048 0000000000000010 d __stdin_handle
000000000003c058 0000000000000010 d __stdout_handle
000000000003c068 0000000000002000 d handles
000000000003e068 D __bss_start__
000000000003e068 D __TMC_END__
000000000003e068 b completed.7870
000000000003e070 b object.7875
000000000003e0a0 0000000000000008 V __nx_applet_PerformanceConfiguration
000000000003e0a8 0000000000000004 V __nx_applet_exit_mode
000000000003e0ac 0000000000000004 b g_appletCpuBoostMode
000000000003e0b0 0000000000000001 b g_appletExitProcessFlag
000000000003e0b8 0000000000000018 b g_appletFirstHook
000000000003e0d0 0000000000000001 b g_appletFocusState
000000000003e0d8 000000000000000c b g_appletIApplicationCreator
000000000003e0e8 000000000000000c b g_appletIAudioController
000000000003e0f8 000000000000000c b g_appletICommonStateGetter
000000000003e108 000000000000000c b g_appletIDebugFunctions
000000000003e118 000000000000000c b g_appletIDisplayController
000000000003e128 000000000000000c b g_appletIFunctions
000000000003e138 000000000000000c b g_appletIGlobalStateController
000000000003e148 000000000000000c b g_appletILibraryAppletCreator
000000000003e158 000000000000000c b g_appletILibraryAppletSelfAccessor
000000000003e168 000000000000000c b g_appletIProcessWindingController
000000000003e178 000000000000000c b g_appletISelfController
000000000003e188 000000000000000c b g_appletIWindowController
000000000003e198 000000000000000c b g_appletLibraryAppletLaunchableEvent
000000000003e1a8 000000000000000c b g_appletMessageEvent
000000000003e1b4 0000000000000001 b g_appletNotifiedRunning
000000000003e1b5 0000000000000001 b g_appletOperationMode
000000000003e1b8 0000000000000004 b g_appletPerformanceMode
000000000003e1c0 000000000000000c b g_appletProxySession
000000000003e1cc 0000000000000004 b g_appletRecordingInitialized
000000000003e1d0 0000000000000028 b g_appletRecordingTmem
000000000003e1f8 0000000000000008 b g_appletResourceUserId
000000000003e200 000000000000000c b g_appletSrv
000000000003e210 0000000000000008 b g_refCnt
000000000003e218 0000000000000050 b g_controllerDown
000000000003e268 00000000000001e0 b g_controllerEntries
000000000003e448 0000000000000190 b g_controllerHeaders
000000000003e5d8 0000000000000050 b g_controllerHeld
000000000003e628 0000000000000028 b g_controllerLayout
000000000003e650 0000000000000050 b g_controllerOld
000000000003e6a0 0000000000000004 b g_controllerP1AutoID
000000000003e6a8 0000000000000050 b g_controllerTimestamps
000000000003e6f8 0000000000000050 b g_controllerUp
000000000003e748 000000000000000c b g_hidIAppletResource
000000000003e758 0000000000000010 b g_hidLock
000000000003e768 0000000000000020 b g_hidSharedmem
000000000003e788 000000000000000c b g_hidSrv
000000000003e798 0000000000000020 b g_keyboardDown
000000000003e7b8 0000000000000038 b g_keyboardEntry
000000000003e7f0 0000000000000020 b g_keyboardHeld
000000000003e810 0000000000000008 b g_keyboardModDown
000000000003e818 0000000000000008 b g_keyboardModHeld
000000000003e820 0000000000000008 b g_keyboardModOld
000000000003e828 0000000000000008 b g_keyboardModUp
000000000003e830 0000000000000020 b g_keyboardOld
000000000003e850 0000000000000008 b g_keyboardTimestamp
000000000003e858 0000000000000020 b g_keyboardUp
000000000003e878 0000000000000400 b g_mouse
000000000003ec78 0000000000000008 b g_mouseDown
000000000003ec80 0000000000000008 b g_mouseEntry
000000000003ec88 0000000000000008 b g_mouseHeld
000000000003ec90 0000000000000008 b g_mouseOld
000000000003ec98 0000000000000008 b g_mouseTimestamp
000000000003eca0 0000000000000008 b g_mouseUp
000000000003eca8 0000000000000008 b g_refCnt
000000000003ecb0 000000000000000a b g_sixaxisEnabled
000000000003ecc0 0000000000004650 b g_sixaxisLayouts
0000000000043310 0000000000000298 b g_touchEntry
00000000000435a8 0000000000000008 b g_touchTimestamp
00000000000435b0 000000000000000c b g_apmISession
00000000000435c0 000000000000000c b g_apmSrv
00000000000435d0 0000000000000008 b g_refCnt
00000000000435d8 0000000000000008 b g_refCnt
00000000000435e0 0000000000000004 b g_smHandle
00000000000435e8 0000000000000200 b g_smOverrides
00000000000437e8 0000000000000008 b g_smOverridesNum
00000000000437f0 0000000000000004 b g_hosVersion
00000000000437f4 0000000000000001 b g_hasRandomSeed
00000000000437f5 0000000000000001 b g_isNso
00000000000437f8 0000000000000004 b g_lastLoadResult
0000000000043800 0000000000000008 b g_loaderRetAddr
0000000000043808 0000000000000004 b g_mainThreadHandle
0000000000043810 0000000000000008 b g_nextLoadArgv
0000000000043818 0000000000000008 b g_nextLoadPath
0000000000043820 0000000000000008 b g_overrideArgv
0000000000043828 0000000000000008 b g_overrideHeapAddr
0000000000043830 0000000000000008 b g_overrideHeapSize
0000000000043838 0000000000000004 b g_processHandle
0000000000043840 0000000000000010 b g_randomSeed
0000000000043850 0000000000000010 b g_syscallHints
0000000000043860 0000000000000058 b currentCopy
00000000000438b8 0000000000000004 b g_Version
00000000000438bc 0000000000000001 b g_VersionCached
00000000000438c0 0000000000000004 b g_VersionMutex
00000000000438c8 0000000000000010 b g_AddressSpace
00000000000438d8 0000000000000008 b g_CurrentAddr
00000000000438e0 0000000000000030 b g_Region
0000000000043910 0000000000000004 b g_VirtMemMutex
0000000000043918 0000000000000078 b g_defaultWin
0000000000043990 0000000000000050 b g_viDisplay
00000000000439e0 0000000000000010 b g_viLayer
00000000000439f0 0000000000000004 V __nx_exception_ignoredebug
0000000000043a00 0000000000000400 V __nx_exception_stack
0000000000043e00 0000000000000008 V __nx_heap_size
0000000000043e08 0000000000000008 b __bootticks
0000000000043e10 0000000000000008 b __boottime
0000000000043e18 0000000000000004 V __nx_time_type
0000000000043e20 0000000000000008 b g_argv_empty
0000000000043e28 0000000000002300 b fsdev_fsdevices
0000000000046128 0000000000000001 b fsdev_initialised
0000000000046130 0000000000000008 b g_nvIpcBufferSize
0000000000046138 000000000000000c b g_nvSrv
0000000000046148 000000000000000c b g_nvSrvClone
0000000000046158 0000000000000028 b g_nvTransfermem
0000000000046180 0000000000000008 b g_refCnt
0000000000046188 0000000000000008 b g_refCnt
0000000000046190 000000000000000c b g_timeLocalSystemClock
00000000000461a0 000000000000000c b g_timeNetworkSystemClock
00000000000461b0 000000000000000c b g_timeSrv
00000000000461c0 000000000000000c b g_timeTimeZoneService
00000000000461d0 000000000000000c b g_timeUserSystemClock
00000000000461e0 0000000000000008 V __nx_vi_layer_id
00000000000461e8 000000000000000c b g_viIApplicationDisplayService
00000000000461f8 000000000000000c b g_viIHOSBinderDriverIndirect
0000000000046208 000000000000000c b g_viIHOSBinderDriverRelay
0000000000046218 000000000000000c b g_viIManagerDisplayService
0000000000046228 000000000000000c b g_viISystemDisplayService
0000000000046238 0000000000000008 b g_refCntSys
0000000000046240 000000000000000c b g_setsysSrv
0000000000046250 000000000000000c b g_fsSrv
0000000000046260 0000000000000008 b g_refCnt
0000000000046268 0000000000000008 b g_NvEventUsedMask
0000000000046270 0000000000000300 b g_NvEvents
0000000000046570 0000000000000008 b g_refCnt
0000000000046578 0000000000000008 b g_refCnt
0000000000046580 0000000000000028 B __malloc_current_mallinfo
00000000000465a8 0000000000000008 B __malloc_max_sbrked_mem
00000000000465b0 0000000000000008 B __malloc_max_total_mem
00000000000465b8 0000000000000008 B __malloc_top_pad
00000000000465c0 000000000000000c b __malloc_recursive_mutex
00000000000465cc 0000000000000004 b alloced.4086
00000000000465d0 000000000000000c B __atexit_recursive_mutex
00000000000465e0 0000000000000008 b initial_env
00000000000465e8 000000000000000c b __env_recursive_mutex
00000000000465f8 000000000000000c b __sfp_recursive_mutex
0000000000046608 000000000000000c b __sinit_recursive_mutex
0000000000046618 0000000000000008 b heap_start.5295
0000000000046620 0000000000000008 B fake_heap_end
0000000000046628 0000000000000008 B fake_heap_start
0000000000046630 0000000000000400 b temp_cwd
0000000000046a30 0000000000000004 b __hndl_lock
0000000000046a40 0000000000000340 B __nx_exceptiondump
0000000000046d80 0000000000000008 B __stack_top
0000000000046d88 0000000000000008 B __system_argv
0000000000046d90 0000000000000004 B __system_argc
0000000000046d98 0000000000000004 B __nxlink_host
0000000000046da0 B __tls_start
000000000004b1a8 B __bss_end__
000000000004b1a8 A __end__
000000000004b1a8 B __tls_end
000000000004c000 A __argdata__
